app/build/outputs/logs/manifest-merger-debug-report.txt
-- Merging decision tree log ---
manifest
ADDED from src/main/AndroidManifest.xml:2:1-35:12
	package
		ADDED from src/main/AndroidManifest.xml:3:5-40
		INJECTED from src/main/AndroidManifest.xml
		INJECTED from src/main/AndroidManifest.xml
	android:versionName
		ADDED from src/main/AndroidManifest.xml:5:5-33
		INJECTED from src/main/AndroidManifest.xml
		INJECTED from src/main/AndroidManifest.xml
	android:versionCode
		ADDED from src/main/AndroidManifest.xml:4:5-28
		INJECTED from src/main/AndroidManifest.xml
		INJECTED from src/main/AndroidManifest.xml
	xmlns:android
		ADDED from src/main/AndroidManifest.xml:2:11-69
uses-sdk
ADDED from src/main/AndroidManifest.xml:7:5-9:41
	android:targetSdkVersion
		ADDED from src/main/AndroidManifest.xml:9:9-38
		INJECTED from src/main/AndroidManifest.xml
		INJECTED from src/main/AndroidManifest.xml
	android:minSdkVersion
		ADDED from src/main/AndroidManifest.xml:8:9-35
		INJECTED from src/main/AndroidManifest.xml
		INJECTED from src/main/AndroidManifest.xml
uses-permission#com.symbol.emdk.permission.EMDK
ADDED from src/main/AndroidManifest.xml:11:9-74
	android:name
		ADDED from src/main/AndroidManifest.xml:11:26-72
application
ADDED from src/main/AndroidManifest.xml:13:5-33:19
	android:label
		ADDED from src/main/AndroidManifest.xml:16:9-41
	android:allowBackup
		ADDED from src/main/AndroidManifest.xml:14:9-35
	android:icon
		ADDED from src/main/AndroidManifest.xml:15:9-45
	android:theme
		ADDED from src/main/AndroidManifest.xml:17:9-40
uses-library#com.symbol.emdk
ADDED from src/main/AndroidManifest.xml:20:9-55
	android:name
		ADDED from src/main/AndroidManifest.xml:20:23-53
activity#com.symbol.barcodesample1.MainActivity
ADDED from src/main/AndroidManifest.xml:23:9-32:20
	android:screenOrientation
		ADDED from src/main/AndroidManifest.xml:25:13-49
	android:label
		ADDED from src/main/AndroidManifest.xml:26:13-45
	android:name
		ADDED from src/main/AndroidManifest.xml:24:13-41
intent-filter#android.intent.action.MAIN+android.intent.category.LAUNCHER
ADDED from src/main/AndroidManifest.xml:27:13-31:29
action#android.intent.action.MAIN
ADDED from src/main/AndroidManifest.xml:28:17-69
	android:name
		ADDED from src/main/AndroidManifest.xml:28:25-66
category#android.intent.category.LAUNCHER
ADDED from src/main/AndroidManifest.xml:30:17-77
	android:name
		ADDED from src/main/AndroidManifest.xml:30:27-74